<!DOCTYPE html PUBLIC "-//W3C//DTD XHTML 1.1//EN" "https://www.w3.org/TR/xhtml11/DTD/xhtml11.dtd">
<html xmlns="https://www.w3.org/1999/xhtml">
<head>
<meta http-equiv="content-type" content="text/html; charset=UTF-8"/>
<title>TestNG Report</title>
<style type="text/css">table {margin-bottom:10px;border-collapse:collapse;empty-cells:show}th,td {border:1px solid #009;padding:.25em .5em}th {vertical-align:bottom}td {vertical-align:top}table a {font-weight:bold}.stripe td {background-color: #E6EBF9}.num {text-align:right}.passedodd td {background-color: #3F3}.passedeven td {background-color: #0A0}.skippedodd td {background-color: #DDD}.skippedeven td {background-color: #CCC}.failedodd td,.attn {background-color: #F33}.failedeven td,.stripe .attn {background-color: #D00}.stacktrace {white-space:pre;font-family:monospace}.totop {font-size:85%;text-align:center;border-bottom:2px solid #000}.invisible {display:none}</style>
</head>
<body>
<table>
<tr><th>Test</th><th># Passed</th><th># Skipped</th><th># Retried</th><th># Failed</th><th>Time (ms)</th><th>Included Groups</th><th>Excluded Groups</th></tr>
<tr><th colspan="8">Hybrid Framework Suite</th></tr>
<tr><td><a href="#t0">CompleteTest</a></td><td class="num">4</td><td class="num attn">1</td><td class="num">0</td><td class="num attn">5</td><td class="num">44,998</td><td></td><td></td></tr>
</table>
<table id='summary'><thead><tr><th>Class</th><th>Method</th><th>Start</th><th>Time (ms)</th></tr></thead><tbody><tr><th colspan="4">Hybrid Framework Suite</th></tr></tbody><tbody id="t0"><tr><th colspan="4">CompleteTest &#8212; failed</th></tr><tr class="failedeven"><td rowspan="4">com.tutorialsNinja.TestCases.LoginTest</td><td><a href="#m0">verifyLoginWithInvalidCredentials</a></td><td rowspan="1">1744856703267</td><td rowspan="1">2269</td></tr><tr class="failedeven"><td><a href="#m1">verifyLoginWithInvalidEmailValidPassword</a></td><td rowspan="1">1744856697313</td><td rowspan="1">812</td></tr><tr class="failedeven"><td><a href="#m2">verifyLoginWithNoCredentials</a></td><td rowspan="1">1744856709237</td><td rowspan="1">912</td></tr><tr class="failedeven"><td><a href="#m3">verifyLoginWithValidEmailInvalidPassword</a></td><td rowspan="1">1744856692989</td><td rowspan="1">654</td></tr><tr class="failedodd"><td rowspan="1">com.tutorialsNinja.TestCases.SearchTest</td><td><a href="#m4">searchWithInvalidProduct</a></td><td rowspan="1">1744856732816</td><td rowspan="1">518</td></tr><tr><th colspan="4">CompleteTest &#8212; skipped</th></tr><tr class="skippedeven"><td rowspan="1">com.tutorialsNinja.TestCases.SearchTest</td><td><a href="#m5">searchWithNoProduct</a></td><td rowspan="1">1744856733573</td><td rowspan="1">0</td></tr><tr><th colspan="4">CompleteTest &#8212; passed</th></tr><tr class="passedeven"><td rowspan="3">com.tutorialsNinja.TestCases.RegisterTest</td><td><a href="#m6">verifyRegisterWithExistingEmail</a></td><td rowspan="1">1744856714289</td><td rowspan="1">936</td></tr><tr class="passedeven"><td><a href="#m7">verifyRegisterWithIncorrectConfirmPassword</a></td><td rowspan="1">1744856719380</td><td rowspan="1">1005</td></tr><tr class="passedeven"><td><a href="#m8">verifyRegisterWithNoDetails</a></td><td rowspan="1">1744856724136</td><td rowspan="1">601</td></tr><tr class="passedodd"><td rowspan="1">com.tutorialsNinja.TestCases.SearchTest</td><td><a href="#m9">searchWithValidProduct</a></td><td rowspan="1">1744856727560</td><td rowspan="1">2195</td></tr></tbody>
</table>
<h2>CompleteTest</h2><h3 id="m0">com.tutorialsNinja.TestCases.LoginTest#verifyLoginWithInvalidCredentials</h3><table class="result"><tr><th>Exception</th></tr><tr><td><div class="stacktrace">java.lang.AssertionError: The following asserts failed:
	expected [true] but found [false]
	at com.tutorialsNinja.TestCases.LoginTest.verifyLoginWithInvalidCredentials(LoginTest.java:61)
	at java.base/java.util.ArrayList.forEach(ArrayList.java:1511)
... Removed 29 stack frames</div></td></tr></table><p class="totop"><a href="#summary">back to summary</a></p>
<h3 id="m1">com.tutorialsNinja.TestCases.LoginTest#verifyLoginWithInvalidEmailValidPassword</h3><table class="result"><tr><th>Exception</th></tr><tr><td><div class="stacktrace">java.lang.AssertionError: The following asserts failed:
	expected [true] but found [false]
	at com.tutorialsNinja.TestCases.LoginTest.verifyLoginWithInvalidEmailValidPassword(LoginTest.java:53)
	at java.base/java.util.ArrayList.forEach(ArrayList.java:1511)
... Removed 29 stack frames</div></td></tr></table><p class="totop"><a href="#summary">back to summary</a></p>
<h3 id="m2">com.tutorialsNinja.TestCases.LoginTest#verifyLoginWithNoCredentials</h3><table class="result"><tr><th>Exception</th></tr><tr><td><div class="stacktrace">java.lang.AssertionError: The following asserts failed:
	expected [true] but found [false]
	at com.tutorialsNinja.TestCases.LoginTest.verifyLoginWithNoCredentials(LoginTest.java:68)
	at java.base/java.util.ArrayList.forEach(ArrayList.java:1511)
... Removed 29 stack frames</div></td></tr></table><p class="totop"><a href="#summary">back to summary</a></p>
<h3 id="m3">com.tutorialsNinja.TestCases.LoginTest#verifyLoginWithValidEmailInvalidPassword</h3><table class="result"><tr><th>Exception</th></tr><tr><td><div class="stacktrace">java.lang.AssertionError: The following asserts failed:
	expected [true] but found [false]
	at com.tutorialsNinja.TestCases.LoginTest.verifyLoginWithValidEmailInvalidPassword(LoginTest.java:45)
	at java.base/java.util.ArrayList.forEach(ArrayList.java:1511)
... Removed 29 stack frames</div></td></tr></table><p class="totop"><a href="#summary">back to summary</a></p>
<h3 id="m4">com.tutorialsNinja.TestCases.SearchTest#searchWithInvalidProduct</h3><table class="result"><tr><th>Exception</th></tr><tr><td><div class="stacktrace">java.lang.AssertionError: The following asserts failed:
	expected [false] but found [true]
	at com.tutorialsNinja.TestCases.SearchTest.searchWithInvalidProduct(SearchTest.java:42)
	at java.base/java.util.ArrayList.forEach(ArrayList.java:1511)
... Removed 29 stack frames</div></td></tr></table><p class="totop"><a href="#summary">back to summary</a></p>
<h3 id="m5">com.tutorialsNinja.TestCases.SearchTest#searchWithNoProduct</h3><table class="result"><tr><th>Exception</th></tr><tr><td><div class="stacktrace">java.lang.Throwable: Method com.tutorialsNinja.TestCases.SearchTest.searchWithNoProduct() on instance com.tutorialsNinja.TestCases.SearchTest@909217e depends on not successfully finished methods 
[com.tutorialsNinja.TestCases.SearchTest.searchWithInvalidProduct() on instance com.tutorialsNinja.TestCases.SearchTest@909217e]
	at java.base/java.util.ArrayList.forEach(ArrayList.java:1511)
... Removed 18 stack frames</div></td></tr></table><p class="totop"><a href="#summary">back to summary</a></p>
<h3 id="m6">com.tutorialsNinja.TestCases.RegisterTest#verifyRegisterWithExistingEmail</h3><table class="result"><tr><th class="invisible"/></tr></table><p class="totop"><a href="#summary">back to summary</a></p>
<h3 id="m7">com.tutorialsNinja.TestCases.RegisterTest#verifyRegisterWithIncorrectConfirmPassword</h3><table class="result"><tr><th class="invisible"/></tr></table><p class="totop"><a href="#summary">back to summary</a></p>
<h3 id="m8">com.tutorialsNinja.TestCases.RegisterTest#verifyRegisterWithNoDetails</h3><table class="result"><tr><th class="invisible"/></tr></table><p class="totop"><a href="#summary">back to summary</a></p>
<h3 id="m9">com.tutorialsNinja.TestCases.SearchTest#searchWithValidProduct</h3><table class="result"><tr><th class="invisible"/></tr></table><p class="totop"><a href="#summary">back to summary</a></p>
</body>
</html>
